d:\uinnova\unity\02_unity_5_6_5\github\helloopengl\helloopengl\debug\vc142.pdb
d:\uinnova\unity\02_unity_5_6_5\github\helloopengl\helloopengl\debug\vc142.idb
d:\uinnova\unity\02_unity_5_6_5\github\helloopengl\helloopengl\debug\vertexdata.obj
d:\uinnova\unity\02_unity_5_6_5\github\helloopengl\helloopengl\debug\util.obj
d:\uinnova\unity\02_unity_5_6_5\github\helloopengl\helloopengl\debug\texture.obj
d:\uinnova\unity\02_unity_5_6_5\github\helloopengl\helloopengl\debug\objloader.obj
d:\uinnova\unity\02_unity_5_6_5\github\helloopengl\helloopengl\debug\main.obj
d:\uinnova\unity\02_unity_5_6_5\github\helloopengl\helloopengl\debug\vector3f.obj
d:\uinnova\unity\02_unity_5_6_5\github\helloopengl\helloopengl\debug\camera.obj
d:\uinnova\unity\02_unity_5_6_5\github\helloopengl\helloopengl\debug\helloopengl.res
d:\uinnova\unity\02_unity_5_6_5\github\helloopengl\helloopengl\debug\helloopengl.obj
d:\uinnova\unity\02_unity_5_6_5\github\helloopengl\helloopengl\debug\helloopengl.pdb
d:\uinnova\unity\02_unity_5_6_5\github\helloopengl\helloopengl\debug\helloopengl.tlog\cl.command.1.tlog
d:\uinnova\unity\02_unity_5_6_5\github\helloopengl\helloopengl\debug\helloopengl.tlog\cl.read.1.tlog
d:\uinnova\unity\02_unity_5_6_5\github\helloopengl\helloopengl\debug\helloopengl.tlog\cl.write.1.tlog
d:\uinnova\unity\02_unity_5_6_5\github\helloopengl\helloopengl\debug\helloopengl.tlog\link-cvtres.read.1.tlog
d:\uinnova\unity\02_unity_5_6_5\github\helloopengl\helloopengl\debug\helloopengl.tlog\link-cvtres.write.1.tlog
d:\uinnova\unity\02_unity_5_6_5\github\helloopengl\helloopengl\debug\helloopengl.tlog\link-rc.read.1.tlog
d:\uinnova\unity\02_unity_5_6_5\github\helloopengl\helloopengl\debug\helloopengl.tlog\link-rc.write.1.tlog
d:\uinnova\unity\02_unity_5_6_5\github\helloopengl\helloopengl\debug\helloopengl.tlog\link.command.1.tlog
d:\uinnova\unity\02_unity_5_6_5\github\helloopengl\helloopengl\debug\helloopengl.tlog\link.read.1.tlog
d:\uinnova\unity\02_unity_5_6_5\github\helloopengl\helloopengl\debug\helloopengl.tlog\link.write.1.tlog
d:\uinnova\unity\02_unity_5_6_5\github\helloopengl\helloopengl\debug\helloopengl.tlog\rc.command.1.tlog
d:\uinnova\unity\02_unity_5_6_5\github\helloopengl\helloopengl\debug\helloopengl.tlog\rc.read.1.tlog
d:\uinnova\unity\02_unity_5_6_5\github\helloopengl\helloopengl\debug\helloopengl.tlog\rc.write.1.tlog
